<?xml version="1.0" encoding="UTF-8"?>
<!-- Generated by org.testng.reporters.JUnitReportReporter -->
<testsuite hostname="ELW4561" name="com.qa.tests.GetAPITest" tests="2" failures="0" timestamp="24 Jan 2022 16:09:56 GMT" time="1.046" errors="0">
  <testcase name="getAPITestWithHeaders" time="0.043" classname="com.qa.tests.GetAPITest"/>
  <testcase name="getAPITestWithoutHeaders" time="1.003" classname="com.qa.tests.GetAPITest"/>
</testsuite>
