<?xml version="1.0" encoding="UTF-8"?>
<!-- Generated by org.testng.reporters.JUnitReportReporter -->
<testsuite hostname="ELW4561" name="com.qa.tests.PostAPITest" tests="1" failures="0" timestamp="20 Jan 2022 10:49:47 GMT" time="1.088" errors="0">
  <testcase name="postAPITest" time="1.088" classname="com.qa.tests.PostAPITest"/>
</testsuite>
