<?xml version="1.0" encoding="UTF-8"?>
<!-- Generated by org.testng.reporters.JUnitReportReporter -->
<testsuite hostname="ELW4561" name="com.qa.runners.APITestRunner" tests="2" failures="0" timestamp="17 Feb 2022 11:42:37 GMT" time="0.074" errors="0">
  <testcase name="scenario" time="0.070" classname="com.qa.runners.APITestRunner"/>
  <testcase name="runScenario" time="0.004" classname="com.qa.runners.APITestRunner"/>
</testsuite>
